2021-06-30 11:59:46,081 INFO * Creating the SAH node usb image.
2021-06-30 11:59:46,082 DEBUG loading settings files /root/ansible/r87.ini
2021-06-30 11:59:46,091 INFO Settings .ini: /root/ansible/r87.ini
2021-06-30 11:59:46,091 INFO Settings .yaml /root/ansible/nodes.yaml
2021-06-30 11:59:49,123 DEBUG running cd ~;rm -f ocp_ks.img
2021-06-30 11:59:49,887 DEBUG b''
2021-06-30 11:59:49,888 DEBUG running cd ~;dd if=/dev/zero of=ocp_ks.img bs=1M count=10000
2021-06-30 12:00:18,160 DEBUG b'10000+0 records in\n10000+0 records out\n10485760000 bytes (10 GB, 9.8 GiB) copied, 28.2682 s, 371 MB/s\n'
2021-06-30 12:00:19,554 DEBUG running cd ~;mkfs ext3 -F ocp_ks.img
2021-06-30 12:00:33,404 DEBUG b'mke2fs 1.45.6 (20-Mar-2020)\nDiscarding device blocks:    4096/2560000\x08\x08\x08\x08\x08\x08\x08\x08\x08\x08\x08\x08\x08\x08\x081576960/2560000\x08\x08\x08\x08\x08\x08\x08\x08\x08\x08\x08\x08\x08\x08\x08               \x08\x08\x08\x08\x08\x08\x08\x08\x08\x08\x08\x08\x08\x08\x08done                            \nCreating filesystem with 2560000 4k blocks and 640848 inodes\nFilesystem UUID: b4941cc6-149b-4f99-b21e-41a3062a2772\nSuperblock backups stored on blocks: \n\t32768, 98304, 163840, 229376, 294912, 819200, 884736, 1605632\n\nAllocating group tables:  0/79\x08\x08\x08\x08\x08     \x08\x08\x08\x08\x08done                            \nWriting inode tables:  0/79\x08\x08\x08\x08\x08     \x08\x08\x08\x08\x08done                            \nWriting superblocks and filesystem accounting information:  0/79\x08\x08\x08\x08\x08     \x08\x08\x08\x08\x08done\n\n'
2021-06-30 12:00:33,404 DEBUG running mkdir -p /mnt/usb
2021-06-30 12:00:33,408 DEBUG b''
2021-06-30 12:00:33,408 DEBUG running cd ~;mount -o loop ocp_ks.img /mnt/usb
2021-06-30 12:00:33,433 DEBUG b''
2021-06-30 12:00:33,433 DEBUG running cd ~;cp -R ~/ansible /mnt/usb
2021-06-30 12:00:34,194 DEBUG b''
2021-06-30 12:00:34,195 DEBUG running cd ~;cp ocp-csah.ks /mnt/usb
2021-06-30 12:00:34,200 DEBUG b''
2021-06-30 12:00:34,200 DEBUG running cd ~;mkdir -p /mnt/usb/ansible/pilot
2021-06-30 12:00:34,203 DEBUG b''
2021-06-30 12:00:34,204 DEBUG running cd ~;cp ~/ansible/JetPack/src/pilot/dell_systems.json /mnt/usb/ansible/pilot/
2021-06-30 12:00:34,208 DEBUG b''
2021-06-30 12:00:34,208 DEBUG running sync; umount /mnt/usb
2021-06-30 12:00:37,560 DEBUG b''
2021-06-30 12:00:37,561 INFO All done - attach ~/ocp_ks.img to the sah node & continue with the deployment ...
2021-06-30 13:13:02,558 INFO * Creating the SAH node usb image.
2021-06-30 13:13:02,559 DEBUG loading settings files /root/ansible/r87.ini
2021-06-30 13:13:02,568 INFO Settings .ini: /root/ansible/r87.ini
2021-06-30 13:13:02,568 INFO Settings .yaml /root/ansible/nodes.yaml
2021-06-30 13:13:05,600 DEBUG running cd ~;rm -f ocp_ks.img
2021-06-30 13:13:06,367 DEBUG b''
2021-06-30 13:13:06,367 DEBUG running cd ~;dd if=/dev/zero of=ocp_ks.img bs=1M count=10000
2021-06-30 13:13:33,838 DEBUG b'10000+0 records in\n10000+0 records out\n10485760000 bytes (10 GB, 9.8 GiB) copied, 27.4668 s, 382 MB/s\n'
2021-06-30 13:13:35,529 DEBUG running cd ~;mkfs ext3 -F ocp_ks.img
2021-06-30 13:13:49,129 DEBUG b'mke2fs 1.45.6 (20-Mar-2020)\nDiscarding device blocks:    4096/2560000\x08\x08\x08\x08\x08\x08\x08\x08\x08\x08\x08\x08\x08\x08\x08               \x08\x08\x08\x08\x08\x08\x08\x08\x08\x08\x08\x08\x08\x08\x08done                            \nCreating filesystem with 2560000 4k blocks and 640848 inodes\nFilesystem UUID: 33e268a0-71f6-42a2-8636-484e396a02c4\nSuperblock backups stored on blocks: \n\t32768, 98304, 163840, 229376, 294912, 819200, 884736, 1605632\n\nAllocating group tables:  0/79\x08\x08\x08\x08\x08     \x08\x08\x08\x08\x08done                            \nWriting inode tables:  0/79\x08\x08\x08\x08\x08     \x08\x08\x08\x08\x08done                            \nWriting superblocks and filesystem accounting information:  0/79\x08\x08\x08\x08\x08     \x08\x08\x08\x08\x08done\n\n'
2021-06-30 13:13:49,129 DEBUG running mkdir -p /mnt/usb
2021-06-30 13:13:49,134 DEBUG b''
2021-06-30 13:13:49,134 DEBUG running cd ~;mount -o loop ocp_ks.img /mnt/usb
2021-06-30 13:13:49,152 DEBUG b''
2021-06-30 13:13:49,152 DEBUG running cd ~;cp -R ~/ansible /mnt/usb
2021-06-30 13:13:49,931 DEBUG b''
2021-06-30 13:13:49,931 DEBUG running cd ~;cp ocp-csah.ks /mnt/usb
2021-06-30 13:13:49,936 DEBUG b''
2021-06-30 13:13:49,936 DEBUG running cd ~;mkdir -p /mnt/usb/ansible/pilot
2021-06-30 13:13:49,940 DEBUG b''
2021-06-30 13:13:49,940 DEBUG running cd ~;cp ~/ansible/JetPack/src/pilot/dell_systems.json /mnt/usb/ansible/pilot/
2021-06-30 13:13:49,944 DEBUG b''
2021-06-30 13:13:49,944 DEBUG running sync; umount /mnt/usb
2021-06-30 13:13:53,265 DEBUG b''
2021-06-30 13:13:53,266 INFO All done - attach ~/ocp_ks.img to the sah node & continue with the deployment ...
