2014-10-20 18:17:13.099000__hive_testingCPU
Type         Date       Time     Input_data_size      Duration(s)          Throughput(bytes/s)  Throughput/node
HIVEAGGR         2014-10-20 12:14:31 45.752                                                                             
2014-10-20 18:17:13.099000__hive_testingCPU
Type         Date       Time     Input_data_size      Duration(s)          Throughput(bytes/s)  Throughput/node
HIVEJOIN         2014-10-20 12:17:40 0                    72.923               0                    0                   
2014-10-20 18:32:57.477000__hive_testingCPU
Type         Date       Time     Input_data_size      Duration(s)          Throughput(bytes/s)  Throughput/node
HIVEAGGR         2014-10-20 12:30:16 45.428                                                                             
2014-10-20 18:46:38.945000__hive_testingCPU
Type         Date       Time     Input_data_size      Duration(s)          Throughput(bytes/s)  Throughput/node
HIVEAGGR         2014-10-20 12:43:54 43.791                                                                             
HIVEJOIN         2014-10-20 12:47:01 0                    72.645               0                    0                   
2014-10-20 18:56:16.607000__hive_testingCPU
Type         Date       Time     Input_data_size      Duration(s)          Throughput(bytes/s)  Throughput/node
HIVEAGGR         2014-10-20 12:53:35 45.569                                                                             
2014-10-20 18:56:16.607000__hive_testingCPU
Type         Date       Time     Input_data_size      Duration(s)          Throughput(bytes/s)  Throughput/node
HIVEJOIN         2014-10-20 12:56:43 0                    72.038               0                    0                   
2014-10-20 19:05:07.007000__hive_testingCPU
Type         Date       Time     Input_data_size      Duration(s)          Throughput(bytes/s)  Throughput/node
HIVEAGGR         2014-10-20 13:02:24 44.095                                                                             
2014-10-20 19:05:07.007000__hive_testingCPU
Type             Date       Time     Input_data_size      Duration(s)          Throughput(bytes/s)  Throughput/node
HIVEJOIN         2014-10-20 13:05:33 0                    72.572               0                    0                   
2014-10-20 19:16:24.693000__hive_testingCPU
Type             Date       Time     Duration(s)
HIVEAGGR         2014-10-20 13:13:44 45.421                                                                             
2014-10-20 19:16:24.693000__hive_testingCPU
Type             Date       Time     Input_data_size      Duration(s)          Throughput(bytes/s)  Throughput/node
HIVEJOIN         2014-10-20 13:16:52 0                    71.965               0                    0                   
2014-10-20 20:22:09.691000__hive_testingCPU
Type             Date       Time     Duration(s)
HIVEAGGR         2014-10-20 14:19:28 44.753                                                                             
2014-10-20 20:22:09.691000__hive_testingCPU
Type             Date       Time     Input_data_size      Duration(s)          Throughput(bytes/s)  Throughput/node
HIVEJOIN         2014-10-20 14:22:37 0                    72.876               0                    0                   
2014-10-20 20:38:28.332000__hive_testingCPU
Type             Date       Time     Duration(s)
HIVEAGGR         2014-10-20 14:35:47 44.225                                                                             
---------[[ 2014-10-20 20:38:28.332000__hive_testingCPU ]]-----------
Type             Date       Time     Input_data_size      Duration(s)          Throughput(bytes/s)  Throughput/node
HIVEJOIN         2014-10-20 14:38:53 0                    71.081               0                    0                   
---------[[ 2014-10-20 20:59:19.533000__hive_testingCPU ]]-----------
Type             Date       Time     Duration(s)
HIVEAGGR         2014-10-20 14:53:56 43.991                                                                             
Type             Date       Time     Input_data_size      Duration(s)          Throughput(bytes/s)  Throughput/node
HIVEJOIN         2014-10-20 14:57:03 0                    69.944               0                    0                   
---------[[ 2014-10-20 21:05:43.475000__hive_testingCPU ]]-----------
Type             Date       Time     Duration(s)
HIVEAGGR         2014-10-20 15:00:20 44.359                                                                             
Type             Date       Time     Input_data_size      Duration(s)          Throughput(bytes/s)  Throughput/node
HIVEJOIN         2014-10-20 15:03:26 0                    70.544               0                    0                   
---------[[ 2014-10-20 21:22:01.002000__hive_testingCPU ]]-----------
Type             Date       Time     Duration(s)
HIVEAGGR         2014-10-20 15:19:19 44.706                                                                             
Type             Date       Time     Input_data_size      Duration(s)          Throughput(bytes/s)  Throughput/node
HIVEJOIN         2014-10-20 15:26:06 0                    70.346               0                    0                   
---------[[ 2014-10-20 21:36:50.504000__hive_testingCPU ]]-----------
Type             Date       Time     Duration(s)
HIVEAGGR         2014-10-20 15:34:13 46.549                                                                             
Type             Date       Time     Input_data_size      Duration(s)          Throughput(bytes/s)  Throughput/node
HIVEJOIN         2014-10-20 15:37:21 0                    72.405               0                    0                   
---------[[ 2014-10-21 05:18:06.241000__hive_testingCPU ]]-----------
Type             Date       Time     Duration(s)
HIVEAGGR         2014-10-20 23:15:33 48.985                                                                             
Type             Date       Time     Input_data_size      Duration(s)          Throughput(bytes/s)  Throughput/node
HIVEJOIN         2014-10-20 23:21:58 0                    75.150               0                    0                   
---------[[ 2014-10-21 05:30:32.600000__hive_testingCPU ]]-----------
Type             Date       Time     Duration(s)
HIVEAGGR         2014-10-20 23:28:25 45.966                                                                             
---------[[ 2014-10-22 11:01:50.566000__hive_testingCPU ]]-----------
Type             Date       Time     Duration(s)
HIVEAGGR         2014-10-22 04:59:17 49.052                                                                             
Type             Date       Time     Input_data_size      Duration(s)          Throughput(bytes/s)  Throughput/node
HIVEJOIN         2014-10-22 05:02:27 0                    75.124               0                    0                   
---------[[ 2014-10-23 06:55:17.177000__hive_testingCPU ]]-----------
Type             Date       Time     Duration(s)
HIVEAGGR         2014-10-23 00:52:47 47.994                                                                             
Type             Date       Time     Input_data_size      Duration(s)          Throughput(bytes/s)  Throughput/node
HIVEJOIN         2014-10-23 00:55:59 0                    75.646               0                    0                   
---------[[ 2014-10-24 03:56:26.757000__hive_testingCPU ]]-----------
Type             Date       Time     Duration(s)
HIVEAGGR         2014-10-23 00:52:47 47.994                                                                             
Type             Date       Time     Input_data_size      Duration(s)          Throughput(bytes/s)  Throughput/node
HIVEJOIN         2014-10-23 21:57:10 0                    76.393               0                    0                   
---------[[ 2014-10-24 11:14:28.964000__hive_testingCPU ]]-----------
Type             Date       Time     Duration(s)
HIVEAGGR         2014-10-24 05:11:58 46.708                                                                             
Type             Date       Time     Input_data_size      Duration(s)          Throughput(bytes/s)  Throughput/node
HIVEJOIN         2014-10-24 05:15:08 0                    74.654               0                    0                   
---------[[ 2014-10-28 06:53:15.363000__hive_testing_config3 ]]-----------
Type             Date       Time     Duration(s)
HIVEAGGR         2014-10-28 00:49:54 48.580                                                                             
Type             Date       Time     Input_data_size      Duration(s)          Throughput(bytes/s)  Throughput/node
HIVEJOIN         2014-10-28 00:53:02 0                    72.681               0                    0                   
---------[[ 2014-10-28 09:12:49.787000__hive_testing_config3 ]]-----------
Type             Date       Time     Duration(s)
HIVEAGGR         2014-10-28 03:09:23 45.238                                                                             
Type             Date       Time     Input_data_size      Duration(s)          Throughput(bytes/s)  Throughput/node
HIVEJOIN         2014-10-28 03:12:32 0                    74.052               0                    0                   
---------[[ 2014-10-28 13:03:38.135000__hive_testing_config3 ]]-----------
Type             Date       Time     Duration(s)
HIVEAGGR         2014-10-28 07:00:11 45.501                                                                             
Type             Date       Time     Input_data_size      Duration(s)          Throughput(bytes/s)  Throughput/node
HIVEJOIN         2014-10-28 07:03:18 0                    71.317               0                    0                   
---------[[ 2014-10-29 05:01:46.219000__hive_testing_config3 ]]-----------
Type             Date       Time     Duration(s)
HIVEAGGR         2014-10-28 22:58:25 45.646                                                                             
Type             Date       Time     Input_data_size      Duration(s)          Throughput(bytes/s)  Throughput/node
HIVEJOIN         2014-10-28 23:01:32 0                    72.084               0                    0                   
---------[[ 2014-10-29 05:19:33.470000__hive_testing_config3 ]]-----------
Type             Date       Time     Duration(s)
HIVEAGGR         2014-10-28 23:16:41 54.816                                                                             
Type             Date       Time     Input_data_size      Duration(s)          Throughput(bytes/s)  Throughput/node
HIVEJOIN         2014-10-28 23:20:32 0                    115.268              0                    0                   
KMEANS    	2014-10-30	03:32:42	1440	52.708	27	13
Type             Date       Time     Input_data_size      Duration(s)          Throughput(bytes/s)  Throughput/node
KMEANS    	2014-10-30	04:35:35	1440	52.182	27	13
---------[[ 2014-10-30 10:52:58.687000__kmeans_testing_1 ]]-----------
Type             Date       Time     Input_data_size      Duration(s)          Throughput(bytes/s)  Throughput/node
KMEANS    	2014-10-30	04:47:00	1440	54.036	26	13
---------[[ 2014-10-30 11:32:43.788000__kmeans_testing_1 ]]-----------
Type            Date           Time         Input_data_size      Duration(s)          Throughput(bytes/s)  Throughput/node
KMEANS    	2014-10-30	05:26:46	1440	54.065	26	13
---------[[ 2014-10-30 11:38:35.029000__kmeans_testing_1 ]]-----------
Type            Date            Time            Input_data_size      Duration(s)          Throughput(bytes/s)  Throughput/node
KMEANS    	2014-10-30	05:32:36	1440	53.162	27	13
---------[[ 2014-10-30 12:44:51.109000__kmeans_testing_1 ]]-----------
Type            Date            Time            Input_data_size      Duration(s)          Throughput(bytes/s)  Throughput/node
KMEANS    	2014-10-30	06:38:52	1440	52.766	27	13
---------[[ 2014-10-30 13:20:13.017000__kmeans_testing_1 ]]-----------
Type            Date            Time            Input_data_size      Duration(s)          Throughput(bytes/s)  Throughput/node
KMEANS    	2014-10-30	07:14:14	1440	53.027	27	13
---------[[ 2014-10-30 13:27:26.959000__kmeans_testing_1 ]]-----------
Type            Date            Time            Input_data_size      Duration(s)          Throughput(bytes/s)  Throughput/node
KMEANS    	2014-10-30	07:21:26	1440	51.061	28	14
---------[[ 2014-10-30 13:52:15.857000__kmeans_testing_1 ]]-----------
Type             Date       Time     Duration(s)
HIVEAGGR         2014-10-30 07:48:46 44.057                                                                             
Type             Date       Time     Input_data_size      Duration(s)          Throughput(bytes/s)  Throughput/node
HIVEJOIN         2014-10-30 07:51:55 0                    73.287               0                    0                   
---------[[ 2014-10-30 16:29:53.160000__kmeans_testing_1 ]]-----------
Type             Date       Time     Duration(s)
HIVEAGGR         2014-10-30 10:26:33 46.072                                                                             
Type             Date       Time     Input_data_size      Duration(s)          Throughput(bytes/s)  Throughput/node
HIVEJOIN         2014-10-30 10:29:45 0                    75.541               0                    0                   
---------[[ 2014-10-30 16:38:48.843000__kmeans_testing_1 ]]-----------
Type             Date       Time     Duration(s)
HIVEAGGR         2014-10-30 10:35:57 54.863                                                                             
Type             Date       Time     Input_data_size      Duration(s)          Throughput(bytes/s)  Throughput/node
HIVEJOIN         2014-10-30 10:39:44 0                    111.918              0                    0                   
---------[[ 2014-10-30 16:49:10.371000__kmeans_testing_1 ]]-----------
Type             Date       Time     Duration(s)
HIVEAGGR         2014-10-30 10:48:46 63.397                                                                             
Type             Date       Time     Input_data_size      Duration(s)          Throughput(bytes/s)  Throughput/node
HIVEJOIN         2014-10-30 10:53:11 0                    148.103              0                    0                   
---------[[ 2014-10-30 17:06:51.361000__kmeans_testing_1 ]]-----------
Type             Date       Time     Duration(s)
HIVEAGGR         2014-10-30 11:33:52 156.932                                                                            
Type             Date       Time     Input_data_size      Duration(s)          Throughput(bytes/s)  Throughput/node
HIVEJOIN         2014-10-30 11:41:23 0                    313.059              0                    0                   
---------[[ 2014-10-31 02:26:25.152000__Hive_testing_3 ]]-----------
Type             Date       Time     Duration(s)
HIVEAGGR         2014-10-30 20:23:02 44.392                                                                             
Type             Date       Time     Input_data_size      Duration(s)          Throughput(bytes/s)  Throughput/node
HIVEJOIN         2014-10-30 20:26:09 0                    71.734               0                    0                   
---------[[ 2014-10-31 02:38:09.395000__Hive_testing_3 ]]-----------
Type             Date       Time     Duration(s)
HIVEAGGR         2014-10-30 20:37:41 62.095                                                                             
Type             Date       Time     Input_data_size      Duration(s)          Throughput(bytes/s)  Throughput/node
HIVEJOIN         2014-10-30 20:42:11 0                    151.002              0                    0                   
---------[[ 2014-10-31 03:14:18.751000__Hive_testing_3 ]]-----------
Type             Date       Time     Duration(s)
HIVEAGGR         2014-10-30 21:13:51 63.152                                                                             
Type             Date       Time     Input_data_size      Duration(s)          Throughput(bytes/s)  Throughput/node
HIVEJOIN         2014-10-30 21:18:21 0                    149.572              0                    0                   
---------[[ 2014-10-31 03:37:09.842000__Hive_testing_3 ]]-----------
Type             Date       Time     Duration(s)
HIVEAGGR         2014-10-30 21:47:01 110.669                                                                            
Type             Date       Time     Input_data_size      Duration(s)          Throughput(bytes/s)  Throughput/node
HIVEJOIN         2014-10-30 21:52:48 0                    217.530              0                    0                   
---------[[ 2014-10-31 05:07:13.762000__Hive_testing_3 ]]-----------
Type             Date       Time     Duration(s)
HIVEAGGR         2014-10-30 23:28:04 141.995                                                                            
Type             Date       Time     Input_data_size      Duration(s)          Throughput(bytes/s)  Throughput/node
HIVEJOIN         2014-10-30 23:35:12 0                    292.941              0                    0                   
---------[[ 2014-10-31 07:24:10.904000__Hive_testing_3 ]]-----------
Type             Date       Time     Duration(s)
HIVEAGGR         2014-10-31 01:49:25 157.109                                                                            
Type             Date       Time     Input_data_size      Duration(s)          Throughput(bytes/s)  Throughput/node
HIVEJOIN         2014-10-31 01:56:43 0                    303.295              0                    0                   
---------[[ 2014-10-31 09:37:14.476000__Hive_testing_3 ]]-----------
Type             Date       Time     Duration(s)
HIVEAGGR         2014-10-31 04:00:24 272.930                                                                            
Type             Date       Time     Input_data_size      Duration(s)          Throughput(bytes/s)  Throughput/node
HIVEJOIN         2014-10-31 04:10:02 0                    406.235              0                    0                   
---------[[ 2014-10-31 10:58:42.566000__Hive_testing_3 ]]-----------
Type             Date       Time     Duration(s)
HIVEAGGR         2014-10-31 05:26:33 268.425                                                                            
Type             Date       Time     Input_data_size      Duration(s)          Throughput(bytes/s)  Throughput/node
HIVEJOIN         2014-10-31 05:36:14 0                    425.237              0                    0                   
---------[[ 2014-10-31 12:02:00.236000__Hive_testing_3 ]]-----------
Type             Date       Time     Duration(s)
HIVEAGGR         2014-10-31 05:58:39 43.876                                                                             
Type             Date       Time     Input_data_size      Duration(s)          Throughput(bytes/s)  Throughput/node
HIVEJOIN         2014-10-31 06:01:45 0                    70.501               0                    0                   
---------[[ 2014-10-31 12:11:52.078000__Hive_testing_3 ]]-----------
Type             Date       Time     Duration(s)
HIVEAGGR         2014-10-31 06:08:28 44.292                                                                             
---------[[ 2014-10-31 12:34:41.036000__Hive_testing_3 ]]-----------
Type             Date       Time     Duration(s)
HIVEAGGR         2014-10-31 06:28:35 43.432                                                                             
---------[[ 2014-10-31 12:42:36.913000__Hive_testing_3 ]]-----------
Type             Date       Time     Input_data_size      Duration(s)          Throughput(bytes/s)  Throughput/node
HIVEJOIN         2014-10-31 06:37:03 0                    70.272               0                    0                   
---------[[ 2014-10-31 12:58:33.362000__Hive_testing_3 ]]-----------
Type             Date       Time     Input_data_size      Duration(s)          Throughput(bytes/s)  Throughput/node
HIVEJOIN         2014-10-31 06:52:59 0                    70.721               0                    0                   
---------[[ 2014-10-31 13:02:50.259000__Hive_testing_3 ]]-----------
Type             Date       Time     Duration(s)
HIVEAGGR         2014-10-31 06:56:45 44.133                                                                             
---------[[ 2014-10-31 13:18:40.483000__Hive_testing_3 ]]-----------
Type             Date       Time     Duration(s)
HIVEAGGR         2014-10-31 07:12:36 44.323                                                                             
---------[[ 2014-10-31 13:27:16.539000__Hive_testing_3 ]]-----------
Type             Date       Time     Duration(s)
HIVEAGGR         2014-10-31 07:21:12 44.860                                                                             
---------[[ 2014-10-31 13:30:36.338000__Hive_testing_3 ]]-----------
Type             Date       Time     Input_data_size      Duration(s)          Throughput(bytes/s)  Throughput/node
HIVEJOIN         2014-10-31 07:25:01 0                    69.638               0                    0                   
---------[[ 2014-11-03 03:50:47.127000__Hive_testing_3 ]]-----------
Type             Date       Time     Input_data_size      Duration(s)          Throughput(bytes/s)  Throughput/node
HIVEJOIN         2014-11-02 22:45:15 0                    69.532               0                    0                   
---------[[ 2014-11-03 03:55:12.085000__Hive_testing_3 ]]-----------
Type             Date       Time     Duration(s)
HIVEAGGR         2014-11-02 22:49:10 43.582                                                                             
---------[[ 2014-11-03 04:01:55.040000__Hive_testing_3 ]]-----------
Type            Date            Time            Input_data_size      Duration(s)          Throughput(bytes/s)  Throughput/node
KMEANS    	2014-11-02	22:56:02	1440	52.216	27	13
---------[[ 2014-11-03 04:12:31.701000__Hive_testing_3 ]]-----------
Type            Date            Time            Input_data_size      Duration(s)          Throughput(bytes/s)  Throughput/node
KMEANS    	2014-11-02	23:07:09	1440	81.793	17	8
---------[[ 2014-11-03 04:35:00.522000__Hive_testing_3 ]]-----------
Type             Date       Time     Input_data_size      Duration(s)          Throughput(bytes/s)  Throughput/node
HIVEJOIN         2014-11-02 22:45:15 0                    69.532               0                    0                   
---------[[ 2014-11-03 07:07:05.937000__Hive_testing_3 ]]-----------
Type             Date       Time     Input_data_size      Duration(s)          Throughput(bytes/s)  Throughput/node
HIVEJOIN         2014-11-03 02:06:12 0                    144.172              0                    0                   
---------[[ 2014-11-03 07:31:03.036000__Hive_testing_3 ]]-----------
Type             Date       Time     Input_data_size      Duration(s)          Throughput(bytes/s)  Throughput/node
HIVEJOIN         2014-11-03 02:30:12 0                    142.918              0                    0                   
---------[[ 2014-11-03 07:42:43.099000__Hive_testing_3 ]]-----------
Type             Date       Time     Input_data_size      Duration(s)          Throughput(bytes/s)  Throughput/node
HIVEJOIN         2014-11-03 02:49:09 0                    435.005              0                    0                   
---------[[ 2014-11-03 10:36:48.398000__Hive_testing_3 ]]-----------
Type             Date       Time     Input_data_size      Duration(s)          Throughput(bytes/s)  Throughput/node
HIVEJOIN         2014-11-03 05:35:09 0                    115.369              0                    0                   
---------[[ 2014-11-03 10:44:35.159000__Hive_testing_3 ]]-----------
Type             Date       Time     Input_data_size      Duration(s)          Throughput(bytes/s)  Throughput/node
HIVEJOIN         2014-11-03 05:43:41 0                    143.439              0                    0                   
---------[[ 2014-11-03 10:52:46.795000__Hive_testing_3 ]]-----------
Type             Date       Time     Input_data_size      Duration(s)          Throughput(bytes/s)  Throughput/node
HIVEJOIN         2014-11-03 05:59:10 0                    432.986              0                    0                   
---------[[ 2014-11-04 07:25:17.627000__Hive_testing_3 ]]-----------
Type             Date       Time     Duration(s)
HIVEAGGR         2014-11-04 02:22:27 56.489                                                                             
Type             Date       Time     Input_data_size      Duration(s)          Throughput(bytes/s)  Throughput/node
HIVEJOIN         2014-11-04 02:25:46 0                    84.606               0                    0                   
---------[[ Hive_testing_3 | [u'job_1413524414721_0462', u'job_1413524414721_0463'] ]]-----------
---------[[agg Id: job_1413524414721_0461 ]]-----------
Type             Date       Time     Duration(s)
HIVEAGGR         2014-11-04 03:04:45 55.866                                                                             
Type             Date       Time     Input_data_size      Duration(s)          Throughput(bytes/s)  Throughput/node
HIVEJOIN         2014-11-04 03:08:04 0                    84.363               0                    0                   
---------[[ Hive_testing_3 | [u'job_1413524414721_0470', u'job_1413524414721_0471'] ]]-----------
---------[[agg Id: job_1413524414721_0469 ]]-----------
Type             Date       Time     Duration(s)
HIVEAGGR         2014-11-04 22:40:51 84.710                                                                             
Type             Date       Time     Input_data_size      Duration(s)          Throughput(bytes/s)  Throughput/node
HIVEJOIN         2014-11-04 22:44:43 0                    108.910              0                    0                   
---------[[ Hive_testing_3 | [u'job_1413524414721_0475', u'job_1413524414721_0476'] ]]-----------
---------[[agg Id: job_1413524414721_0474 ]]-----------
Type             Date       Time     Duration(s)
HIVEAGGR         2014-11-06 00:03:04 398.199                                                                            
Type             Date       Time     Input_data_size      Duration(s)          Throughput(bytes/s)  Throughput/node
HIVEJOIN         2014-11-06 00:12:42 0                    393.804              0                    0                   
---------[[ 2014-11-06 11:02:59.021000__Hive_testing_3 ]]-----------
Type            Date            Time            Input_data_size      Duration(s)          Throughput(bytes/s)  Throughput/node
KMEANS    	2014-11-06	05:57:44	1440	85.777	16	8
---------[[ 2014-11-06 11:24:20.997000__Kmeans_testing_1 ]]-----------
Type            Date            Time            Input_data_size      Duration(s)          Throughput(bytes/s)  Throughput/node
KMEANS    	2014-11-06	06:23:36	30201	269.804	111	55
---------[[ 2014-11-07 07:03:53.514000__Kmeans_testing_1 ]]-----------
---------[[ Kmeans_testing_1 | [u'job_1413524414721_0492', u'job_1413524414721_0493', u'job_1413524414721_0494'] ]]-----------
Type            Date            Time            Input_data_size      Duration(s)          Throughput(bytes/s)  Throughput/node
KMEANS    	2014-11-07	02:00:08	16581	108.185	153	76
---------[[ Kmeans_testing_1 | [u'job_1413524414721_0498', u'job_1413524414721_0499', u'job_1413524414721_0500'] ]]-----------
Type            Date            Time            Input_data_size      Duration(s)          Throughput(bytes/s)  Throughput/node
KMEANS    	2014-11-07	03:03:33	16581	108.709	152	76
---------[[ Kmeans_testing_1 | [u'job_1413524414721_0501', u'job_1413524414721_0502'] ]]-----------
Type            Date            Time            Input_data_size      Duration(s)          Throughput(bytes/s)  Throughput/node
KMEANS    	2014-11-07	03:08:28	16581	109.153	151	75
---------[[ Kmeans_testing_1 | [u'job_1413524414721_0504', u'job_1413524414721_0505'] ]]-----------
Type            Date            Time            Input_data_size      Duration(s)          Throughput(bytes/s)  Throughput/node
KMEANS    	2014-11-07	03:29:29	16581	108.068	153	76
---------[[ Kmeans_testing_1 | [u'job_1413524414721_0507', u'job_1413524414721_0508'] ]]-----------
Type            Date            Time            Input_data_size      Duration(s)          Throughput(bytes/s)  Throughput/node
KMEANS    	2014-11-07	05:21:56	16581	108.711	152	76
---------[[ Kmeans_testing_1 | [u'job_1413524414721_0510', u'job_1413524414721_0511'] ]]-----------
Type            Date            Time            Input_data_size      Duration(s)          Throughput(bytes/s)  Throughput/node
KMEANS    	2014-11-07	05:32:38	16581	108.468	152	76
---------[[ Kmeans_testing_1 | [u'job_1413524414721_0513', u'job_1413524414721_0514'] ]]-----------
Type            Date            Time            Input_data_size      Duration(s)          Throughput(bytes/s)  Throughput/node
KMEANS    	2014-11-07	05:45:01	16581	108.848	152	76
---------[[ Kmeans_testing_1 | [u'job_1413524414721_0516', u'job_1413524414721_0517'] ]]-----------
Type            Date            Time            Input_data_size      Duration(s)          Throughput(bytes/s)  Throughput/node
KMEANS    	2014-11-07	05:54:45	16581	108.810	152	76
---------[[ Kmeans_testing_1 | [u'job_1413524414721_0522', u'job_1413524414721_0523'] ]]-----------
Type            Date            Time            Input_data_size      Duration(s)          Throughput(bytes/s)  Throughput/node
KMEANS    	2014-11-07	06:10:56	16581	107.399	154	77
---------[[ Kmeans_testing_1 | [u'job_1413524414721_0525', u'job_1413524414721_0526'] ]]-----------
Type            Date            Time            Input_data_size      Duration(s)          Throughput(bytes/s)  Throughput/node
KMEANS    	2014-11-07	08:02:47	16581	109.663	151	75
---------[[ Kmeans_testing_1 | [u'job_1413524414721_0528', u'job_1413524414721_0529'] ]]-----------
Type            Date            Time            Input_data_size      Duration(s)          Throughput(bytes/s)  Throughput/node
KMEANS    	2014-11-10	01:51:06	16581	108.145	153	76
---------[[ Kmeans_testing_1 | [u'job_1413524414721_0532', u'job_1413524414721_0533'] ]]-----------
Type            Date            Time            Input_data_size      Duration(s)          Throughput(bytes/s)  Throughput/node
KMEANS    	2014-11-10	01:55:48	13286	104.644	126	63
---------[[ Kmeans_testing_TestRunNicholas | [u'job_1413524414721_0536', u'job_1413524414721_0537'] ]]-----------
Type            Date            Time            Input_data_size      Duration(s)          Throughput(bytes/s)  Throughput/node
KMEANS    	2014-11-10	05:45:14	30201	1937.651	15	7
---------[[ Hive_testing_RegressionRunNicholas | [u'job_1413524414721_0542', u'job_1413524414721_0543', u'job_1413524414721_0544'] ]]-----------
---------[[agg Id: job_1413524414721_0541 ]]-----------
Type             Date       Time     Duration(s)
HIVEAGGR         2014-11-06 00:03:04 398.199                                                                            
Type             Date       Time     Input_data_size      Duration(s)          Throughput(bytes/s)  Throughput/node
HIVEJOIN         2014-11-10 10:18:24 0                    318.476              0                    0                   
---------[[ 2014-11-18 03:58:35.454000__Terasort_testing_Terasort_Regression_Nicholas1 ]]-----------
Type             Date       Time     Duration(s)
HIVEAGGR         2014-11-17 22:53:57 44.572                                                                             
---------[[ 2014-11-18 04:27:41.644000__Terasort_testing_Terasort_Regression_Nicholas1 ]]-----------
Type             Date       Time     Duration(s)
HIVEAGGR         2014-11-17 23:23:02 44.094                                                                             
---------[[ 2014-11-18 04:36:48.846000__Terasort_testing_Terasort_Regression_Nicholas1 ]]-----------
Type             Date       Time     Duration(s)
HIVEAGGR         2014-11-17 23:32:30 52.615                                                                             
---------[[ Terasort_testing_Terasort_Regression_Nicholas1 | [u'job_1416096865264_0086', u'job_1416096865264_0087'] ]]-----------
Type             Date       Time     Input_data_size      Duration(s)          Throughput(bytes/s)  Throughput/node
HIVEJOIN         2014-11-18 00:18:50 0                    71.571               0                    0                   
---------[[ Terasort_testing_Terasort_Regression_Nicholas1 | [u'job_1416096865264_0093', u'job_1416096865264_0094', u'job_1416096865264_0095'] ]]-----------
---------[[agg Id: job_1416096865264_0092 ]]-----------
Type             Date       Time     Duration(s)
HIVEAGGR         2014-11-18 02:03:48 179.043                                                                            
Type             Date       Time     Input_data_size      Duration(s)          Throughput(bytes/s)  Throughput/node
HIVEJOIN         2014-11-18 02:11:06 0                    296.045              0                    0                   
---------[[ Terasort_testing_Terasort_Regression_Nicholas1 | [u'job_1416096865264_0103', u'job_1416096865264_0104'] ]]-----------
Type            Date            Time            Input_data_size      Duration(s)          Throughput(bytes/s)  Throughput/node
KMEANS    	2014-11-18	03:35:48	30201	1190.186	25	12
---------[[ Terasort_testing_Terasort_Regression_Nicholas1 | [u'job_1416096865264_0113', u'job_1416096865264_0114', u'job_1416096865264_0115'] ]]-----------
---------[[agg Id: job_1416096865264_0112 ]]-----------
Type             Date       Time     Duration(s)
HIVEAGGR         2014-11-18 02:03:48 179.043                                                                            
Type             Date       Time     Input_data_size      Duration(s)          Throughput(bytes/s)  Throughput/node
HIVEJOIN         2014-11-18 04:15:53 0                    294.863              0                    0                   
---------[[ Terasort_testing_Terasort_Regression_Nicholas1 | [u'job_1416096865264_0117', u'job_1416096865264_0118'] ]]-----------
Type            Date            Time            Input_data_size      Duration(s)          Throughput(bytes/s)  Throughput/node
KMEANS    	2014-11-18	04:41:59	30201	1187.504	25	12
---------[[ Terasort_testing_Hive_Regression_Nicholas11_19_2014 | [u'job_1416096865264_0123', u'job_1416096865264_0124', u'job_1416096865264_0125'] ]]-----------
---------[[agg Id: job_1416096865264_0122 ]]-----------
Type             Date       Time     Duration(s)
HIVEAGGR         2014-11-18 02:03:48 179.043                                                                            
Type             Date       Time     Input_data_size      Duration(s)          Throughput(bytes/s)  Throughput/node
HIVEJOIN         2014-11-19 14:40:19 0                    241.023              0                    0                   
